********************************************************************************
product = Open Liberty 19.0.0.9 (wlp-1.0.32.cl190920190905-0148)
wlp.install.dir = /Users/morgan/Desktop/380server/build/wlp/
java.home = /Library/Java/JavaVirtualMachines/jdk-11.0.2.jdk/Contents/Home
java.version = 11.0.2
java.runtime = Java(TM) SE Runtime Environment (11.0.2+9-LTS)
os = Mac OS X (10.14.6; x86_64) (en_US)
process = 802@MorganMacBookPro.local
********************************************************************************
[11/17/19, 19:39:23:582 EST] 00000001 com.ibm.ws.kernel.launch.internal.FrameworkManager           A CWWKE0001I: The server frontendServer has been launched.
[11/17/19, 19:39:25:540 EST] 00000001 com.ibm.ws.kernel.launch.internal.FrameworkManager           I CWWKE0002I: The kernel started after 7.292 seconds
[11/17/19, 19:39:25:780 EST] 00000022 com.ibm.ws.kernel.feature.internal.FeatureManager            I CWWKF0007I: Feature update started.
[11/17/19, 19:39:27:018 EST] 00000016 com.ibm.ws.security.ready.internal.SecurityReadyServiceImpl  I CWWKS0007I: The security service is starting...
[11/17/19, 19:39:27:238 EST] 00000018 com.ibm.ws.app.manager.internal.monitor.DropinMonitor        A CWWKZ0058I: Monitoring dropins for applications.
[11/17/19, 19:39:27:351 EST] 00000028 com.ibm.ws.tcpchannel.internal.TCPChannel                    I CWWKO0219I: TCP Channel defaultHttpEndpoint has been started and is now listening for requests on host *  (IPv6) port 12000.
[11/17/19, 19:39:27:445 EST] 00000016 com.ibm.ws.cache.ServerCache                                 I DYNA1001I: WebSphere Dynamic Cache instance named baseCache initialized successfully.
[11/17/19, 19:39:27:448 EST] 00000016 com.ibm.ws.cache.ServerCache                                 I DYNA1071I: The cache provider default is being used.
[11/17/19, 19:39:27:449 EST] 00000016 com.ibm.ws.cache.CacheServiceImpl                            I DYNA1056I: Dynamic Cache (object cache) initialized successfully.
[11/17/19, 19:39:27:640 EST] 0000001e com.ibm.ws.ssl.config.WSKeyStore                             A CWPKI0820A: The default keystore has been created using the 'keystore_password' environment variable.
[11/17/19, 19:39:27:647 EST] 0000001e com.ibm.ws.ssl.config.WSKeyStore                             I CWPKI0802I: Creating the SSL certificate. This may take a few seconds.
[11/17/19, 19:39:27:670 EST] 0000002e com.ibm.ws.security.token.ltpa.internal.LTPAKeyInfoManager   I CWWKS4103I: Creating the LTPA keys. This may take a few seconds.
[11/17/19, 19:39:27:710 EST] 00000016 ibm.ws.security.authentication.internal.jaas.JAASServiceImpl I CWWKS1123I: The collective authentication plugin with class name NullCollectiveAuthenticationPlugin has been activated. 
[11/17/19, 19:39:28:197 EST] 00000016 com.ibm.ws.session.WASSessionCore                            I SESN8501I: The session manager did not find a persistent storage location; HttpSession objects will be stored in the local application server's memory.
[11/17/19, 19:39:28:284 EST] 0000002e com.ibm.ws.security.token.ltpa.internal.LTPAKeyInfoManager   A CWWKS4104A: LTPA keys created in 0.613 seconds. LTPA key file: /Users/morgan/Desktop/380server/build/wlp/usr/servers/frontendServer/resources/security/ltpa.keys
[11/17/19, 19:39:28:291 EST] 0000002e com.ibm.ws.security.token.ltpa.internal.LTPAKeyCreateTask    I CWWKS4105I: LTPA configuration is ready after 0.625 seconds.
[11/17/19, 19:39:28:660 EST] 00000038 com.ibm.ws.app.manager.AppMessageHelper                      I CWWKZ0018I: Starting application frontend.
[11/17/19, 19:39:28:662 EST] 00000038 bm.ws.app.manager.war.internal.WARDeployedAppInfoFactoryImpl I CWWKZ0134I: The frontend application is using the loose application definition at the /Users/morgan/Desktop/380server/build/wlp/usr/servers/frontendServer/apps/frontend.war.xml location.
[11/17/19, 19:39:29:015 EST] 00000036 com.ibm.ws.webcontainer.osgi.webapp.WebGroup                 I SRVE0169I: Loading Web Module: ibm/api.
[11/17/19, 19:39:29:011 EST] 00000037 com.ibm.ws.webcontainer.osgi.webapp.WebGroup                 I SRVE0169I: Loading Web Module: PublicMicroProfileMetrics.
[11/17/19, 19:39:29:016 EST] 00000036 com.ibm.ws.webcontainer                                      I SRVE0250I: Web Module ibm/api has been bound to default_host.
[11/17/19, 19:39:29:016 EST] 00000037 com.ibm.ws.webcontainer                                      I SRVE0250I: Web Module PublicMicroProfileMetrics has been bound to default_host.
[11/17/19, 19:39:29:018 EST] 00000036 com.ibm.ws.http.internal.VirtualHostImpl                     A CWWKT0016I: Web application available (default_host): http://25.2.129.70:12000/ibm/api/
[11/17/19, 19:39:29:023 EST] 00000037 com.ibm.ws.http.internal.VirtualHostImpl                     A CWWKT0016I: Web application available (default_host): http://25.2.129.70:12000/metrics/
[11/17/19, 19:39:29:096 EST] 0000002d com.ibm.ws.session.WASSessionCore                            I SESN0176I: A new session context will be created for application key default_host/ibm/api
[11/17/19, 19:39:29:093 EST] 00000038 org.jboss.weld.Version                                       I WELD-000900: 3.1.1 (Final)
[11/17/19, 19:39:29:097 EST] 00000030 com.ibm.ws.session.WASSessionCore                            I SESN0176I: A new session context will be created for application key default_host/metrics
[11/17/19, 19:39:29:120 EST] 0000002d com.ibm.ws.util                                              I SESN0172I: The session manager is using the Java default SecureRandom implementation for session ID generation.
[11/17/19, 19:39:29:134 EST] 00000030 com.ibm.ws.util                                              I SESN0172I: The session manager is using the Java default SecureRandom implementation for session ID generation.
[11/17/19, 19:39:29:179 EST] 0000002d com.ibm.ws.cache.CacheServiceImpl                            I DYNA1056I: Dynamic Cache (object cache) initialized successfully.
[11/17/19, 19:39:29:314 EST] 00000030 com.ibm.ws.webcontainer.servlet                              I SRVE0242I: [com.ibm.ws.microprofile.metrics.public] [/metrics] [PublicMetricsRESTProxyServlet]: Initialization successful.
[11/17/19, 19:39:29:420 EST] 00000038 com.ibm.ws.webcontainer.osgi.webapp.WebGroup                 I SRVE0169I: Loading Web Module: frontend.
[11/17/19, 19:39:29:421 EST] 00000038 com.ibm.ws.webcontainer                                      I SRVE0250I: Web Module frontend has been bound to default_host.
[11/17/19, 19:39:29:421 EST] 00000038 com.ibm.ws.http.internal.VirtualHostImpl                     A CWWKT0016I: Web application available (default_host): http://25.2.129.70:12000/
[11/17/19, 19:39:29:423 EST] 00000038 com.ibm.ws.app.manager.AppMessageHelper                      A CWWKZ0001I: Application frontend started in 0.763 seconds.
[11/17/19, 19:39:29:423 EST] 00000028 com.ibm.ws.session.WASSessionCore                            I SESN0176I: A new session context will be created for application key default_host/
[11/17/19, 19:39:29:424 EST] 00000028 com.ibm.ws.util                                              I SESN0172I: The session manager is using the Java default SecureRandom implementation for session ID generation.
[11/17/19, 19:39:29:499 EST] 00000022 com.ibm.ws.kernel.feature.internal.FeatureManager            A CWWKF0012I: The server installed the following features: [cdi-2.0, distributedMap-1.0, jndi-1.0, json-1.0, mpConfig-1.3, mpMetrics-2.0, servlet-4.0, ssl-1.0].
[11/17/19, 19:39:29:500 EST] 00000022 com.ibm.ws.kernel.feature.internal.FeatureManager            I CWWKF0008I: Feature update completed in 3.962 seconds.
[11/17/19, 19:39:29:500 EST] 00000022 com.ibm.ws.kernel.feature.internal.FeatureManager            A CWWKF0011I: The frontendServer server is ready to run a smarter planet. The frontendServer server started in 11.254 seconds.
[11/17/19, 19:39:29:518 EST] 00000031 com.ibm.ws.webcontainer.osgi.mbeans.PluginGenerator          I SRVE9103I: A configuration file for a web server plugin was automatically generated for this server at /Users/morgan/Desktop/380server/build/wlp/usr/servers/frontendServer/logs/state/plugin-cfg.xml.
[11/17/19, 19:39:29:563 EST] 00000036 com.ibm.ws.webcontainer.osgi.mbeans.PluginGenerator          I SRVE9103I: A configuration file for a web server plugin was automatically generated for this server at /Users/morgan/Desktop/380server/build/wlp/usr/servers/frontendServer/logs/state/plugin-cfg.xml.
[11/17/19, 19:39:30:010 EST] 0000001e com.ibm.ws.ssl.config.WSKeyStore                             A CWPKI0803A: SSL certificate created in 2.362 seconds. SSL key file: /Users/morgan/Desktop/380server/build/wlp/usr/servers/frontendServer/resources/security/key.p12
[11/17/19, 19:39:30:010 EST] 0000001e com.ibm.ws.ssl.config.WSKeyStore                             I Successfully loaded default keystore: /Users/morgan/Desktop/380server/build/wlp/usr/servers/frontendServer/resources/security/key.p12 of type: PKCS12
[11/17/19, 19:39:30:229 EST] 00000037 com.ibm.ws.tcpchannel.internal.TCPChannel                    I CWWKO0219I: TCP Channel defaultHttpEndpoint-ssl has been started and is now listening for requests on host *  (IPv6) port 12005.
[11/17/19, 19:39:30:826 EST] 00000029 com.ibm.ws.webcontainer.webapp                               E Error Page Exception: 
                                                                                                               frontend
                                                                                                               /
                                                                                                               Error Page Exception
                                                                                                               com.ibm.ws.webcontainer.webapp.WebAppErrorReport: SRVE0190E: File not found: /
	at com.ibm.ws.webcontainer.webapp.WebAppDispatcherContext.sendError(WebAppDispatcherContext.java:637)
	at com.ibm.ws.webcontainer.webapp.WebAppDispatcherContext.sendError(WebAppDispatcherContext.java:655)
	at com.ibm.ws.webcontainer.srt.SRTServletResponse.sendError(SRTServletResponse.java:1328)
	at com.ibm.ws.webcontainer.extension.DefaultExtensionProcessor.handleRequest(DefaultExtensionProcessor.java:824)
	at com.ibm.ws.webcontainer.filter.WebAppFilterManager.invokeFilters(WebAppFilterManager.java:1218)
	at com.ibm.ws.webcontainer.filter.WebAppFilterManager.invokeFilters(WebAppFilterManager.java:1002)
	at com.ibm.ws.webcontainer.webapp.WebAppRequestDispatcher.dispatch(WebAppRequestDispatcher.java:1410)
	at com.ibm.ws.webcontainer.webapp.WebAppRequestDispatcher.forward(WebAppRequestDispatcher.java:171)
	at com.ibm.ws.webcontainer.webapp.WebApp.sendError(WebApp.java:4286)
	at com.ibm.ws.webcontainer.webapp.WebAppDispatcherContext.sendError(WebAppDispatcherContext.java:645)
	at com.ibm.ws.webcontainer.webapp.WebAppDispatcherContext.sendError(WebAppDispatcherContext.java:655)
	at com.ibm.ws.webcontainer.srt.SRTServletResponse.sendError(SRTServletResponse.java:1328)
	at com.ibm.ws.webcontainer.extension.DefaultExtensionProcessor.handleRequest(DefaultExtensionProcessor.java:824)
	at com.ibm.ws.webcontainer.filter.WebAppFilterManager.invokeFilters(WebAppFilterManager.java:1218)
	at com.ibm.ws.webcontainer.webapp.WebApp.handleRequest(WebApp.java:4993)
	at com.ibm.ws.webcontainer.osgi.DynamicVirtualHost$2.handleRequest(DynamicVirtualHost.java:314)
	at com.ibm.ws.webcontainer.WebContainer.handleRequest(WebContainer.java:1007)
	at com.ibm.ws.webcontainer.osgi.DynamicVirtualHost$2.run(DynamicVirtualHost.java:279)
	at com.ibm.ws.http.dispatcher.internal.channel.HttpDispatcherLink$TaskWrapper.run(HttpDispatcherLink.java:1136)
	at com.ibm.ws.http.dispatcher.internal.channel.HttpDispatcherLink.wrapHandlerAndExecute(HttpDispatcherLink.java:417)
	at com.ibm.ws.http.dispatcher.internal.channel.HttpDispatcherLink.ready(HttpDispatcherLink.java:376)
	at com.ibm.ws.http.channel.internal.inbound.HttpInboundLink.handleDiscrimination(HttpInboundLink.java:547)
	at com.ibm.ws.http.channel.internal.inbound.HttpInboundLink.handleNewRequest(HttpInboundLink.java:481)
	at com.ibm.ws.http.channel.internal.inbound.HttpInboundLink.processRequest(HttpInboundLink.java:346)
	at com.ibm.ws.http.channel.internal.inbound.HttpInboundLink.ready(HttpInboundLink.java:317)
	at com.ibm.ws.tcpchannel.internal.NewConnectionInitialReadCallback.sendToDiscriminators(NewConnectionInitialReadCallback.java:165)
	at com.ibm.ws.tcpchannel.internal.NewConnectionInitialReadCallback.complete(NewConnectionInitialReadCallback.java:74)
	at com.ibm.ws.tcpchannel.internal.WorkQueueManager.requestComplete(WorkQueueManager.java:503)
	at com.ibm.ws.tcpchannel.internal.WorkQueueManager.attemptIO(WorkQueueManager.java:573)
	at com.ibm.ws.tcpchannel.internal.WorkQueueManager.workerRun(WorkQueueManager.java:954)
	at com.ibm.ws.tcpchannel.internal.WorkQueueManager$Worker.run(WorkQueueManager.java:1043)
	at com.ibm.ws.threading.internal.ExecutorServiceImpl$RunnableWrapper.run(ExecutorServiceImpl.java:239)
	at java.base/java.util.concurrent.ThreadPoolExecutor.runWorker(ThreadPoolExecutor.java:1128)
	at java.base/java.util.concurrent.ThreadPoolExecutor$Worker.run(ThreadPoolExecutor.java:628)
	at java.base/java.lang.Thread.run(Thread.java:834)

[11/17/19, 19:39:31:181 EST] 00000036 com.ibm.ws.webcontainer.extension                            W SRVE0190E: File not found: /favicon.ico
[11/17/19, 19:39:31:183 EST] 00000036 com.ibm.ws.webcontainer.webapp                               E Error Page Exception: 
                                                                                                               frontend
                                                                                                               /
                                                                                                               Error Page Exception
                                                                                                               com.ibm.ws.webcontainer.webapp.WebAppErrorReport: SRVE0190E: File not found: /
	at com.ibm.ws.webcontainer.webapp.WebAppDispatcherContext.sendError(WebAppDispatcherContext.java:637)
	at com.ibm.ws.webcontainer.webapp.WebAppDispatcherContext.sendError(WebAppDispatcherContext.java:655)
	at com.ibm.ws.webcontainer.srt.SRTServletResponse.sendError(SRTServletResponse.java:1328)
	at com.ibm.ws.webcontainer.extension.DefaultExtensionProcessor.handleRequest(DefaultExtensionProcessor.java:824)
	at com.ibm.ws.webcontainer.filter.WebAppFilterManager.invokeFilters(WebAppFilterManager.java:1218)
	at com.ibm.ws.webcontainer.filter.WebAppFilterManager.invokeFilters(WebAppFilterManager.java:1002)
	at com.ibm.ws.webcontainer.webapp.WebAppRequestDispatcher.dispatch(WebAppRequestDispatcher.java:1410)
	at com.ibm.ws.webcontainer.webapp.WebAppRequestDispatcher.forward(WebAppRequestDispatcher.java:171)
	at com.ibm.ws.webcontainer.webapp.WebApp.sendError(WebApp.java:4286)
	at com.ibm.ws.webcontainer.webapp.WebApp.handleException(WebApp.java:5082)
	at com.ibm.ws.webcontainer.webapp.WebApp.handleRequest(WebApp.java:5062)
	at com.ibm.ws.webcontainer.osgi.DynamicVirtualHost$2.handleRequest(DynamicVirtualHost.java:314)
	at com.ibm.ws.webcontainer.WebContainer.handleRequest(WebContainer.java:1007)
	at com.ibm.ws.webcontainer.osgi.DynamicVirtualHost$2.run(DynamicVirtualHost.java:279)
	at com.ibm.ws.http.dispatcher.internal.channel.HttpDispatcherLink$TaskWrapper.run(HttpDispatcherLink.java:1136)
	at com.ibm.ws.http.dispatcher.internal.channel.HttpDispatcherLink.wrapHandlerAndExecute(HttpDispatcherLink.java:417)
	at com.ibm.ws.http.dispatcher.internal.channel.HttpDispatcherLink.ready(HttpDispatcherLink.java:376)
	at com.ibm.ws.http.channel.internal.inbound.HttpInboundLink.handleDiscrimination(HttpInboundLink.java:547)
	at com.ibm.ws.http.channel.internal.inbound.HttpInboundLink.handleNewRequest(HttpInboundLink.java:481)
	at com.ibm.ws.http.channel.internal.inbound.HttpInboundLink.processRequest(HttpInboundLink.java:346)
	at com.ibm.ws.http.channel.internal.inbound.HttpInboundLink.ready(HttpInboundLink.java:317)
	at com.ibm.ws.tcpchannel.internal.NewConnectionInitialReadCallback.sendToDiscriminators(NewConnectionInitialReadCallback.java:165)
	at com.ibm.ws.tcpchannel.internal.NewConnectionInitialReadCallback.complete(NewConnectionInitialReadCallback.java:74)
	at com.ibm.ws.tcpchannel.internal.WorkQueueManager.requestComplete(WorkQueueManager.java:503)
	at com.ibm.ws.tcpchannel.internal.WorkQueueManager.attemptIO(WorkQueueManager.java:573)
	at com.ibm.ws.tcpchannel.internal.WorkQueueManager.workerRun(WorkQueueManager.java:954)
	at com.ibm.ws.tcpchannel.internal.WorkQueueManager$Worker.run(WorkQueueManager.java:1043)
	at com.ibm.ws.threading.internal.ExecutorServiceImpl$RunnableWrapper.run(ExecutorServiceImpl.java:239)
	at java.base/java.util.concurrent.ThreadPoolExecutor.runWorker(ThreadPoolExecutor.java:1128)
	at java.base/java.util.concurrent.ThreadPoolExecutor$Worker.run(ThreadPoolExecutor.java:628)
	at java.base/java.lang.Thread.run(Thread.java:834)

[11/17/19, 19:44:21:513 EST] 00000013 com.ibm.ws.kernel.launch.internal.ServerCommandListener      A CWWKE0055I: Server shutdown requested on Sunday, November 17, 2019 at 7:44 PM. The server frontendServer is shutting down.
[11/17/19, 19:44:21:518 EST] 0000022d com.ibm.ws.runtime.update.internal.RuntimeUpdateManagerImpl  A CWWKE1100I: Waiting for up to 30 seconds for the server to quiesce.
[11/17/19, 19:44:21:524 EST] 0000021c com.ibm.ws.tcpchannel.internal.TCPChannel                    I CWWKO0220I: TCP Channel defaultHttpEndpoint-ssl has stopped listening for requests on host *  (IPv6) port 12005.
[11/17/19, 19:44:21:526 EST] 0000021c com.ibm.ws.tcpchannel.internal.TCPChannel                    I CWWKO0220I: TCP Channel defaultHttpEndpoint has stopped listening for requests on host *  (IPv6) port 12000.
[11/17/19, 19:44:21:526 EST] 0000021c com.ibm.ws.http.internal.VirtualHostImpl                     A CWWKT0017I: Web application removed (default_host): http://25.2.129.70:12000/metrics/
[11/17/19, 19:44:21:527 EST] 0000021c com.ibm.ws.http.internal.VirtualHostImpl                     A CWWKT0017I: Web application removed (default_host): http://25.2.129.70:12000/
[11/17/19, 19:44:21:527 EST] 0000021c com.ibm.ws.http.internal.VirtualHostImpl                     A CWWKT0017I: Web application removed (default_host): http://25.2.129.70:12000/ibm/api/
[11/17/19, 19:44:22:532 EST] 0000022d com.ibm.ws.runtime.update.internal.RuntimeUpdateManagerImpl  I CWWKE1101I: Server quiesce complete.
[11/17/19, 19:44:22:555 EST] 000001e7 com.ibm.ws.app.manager.AppMessageHelper                      A CWWKZ0009I: The application frontend has stopped successfully.
[11/17/19, 19:44:22:571 EST] 0000022d com.ibm.ws.webcontainer.servlet                              I SRVE0253I: [com.ibm.ws.microprofile.metrics.public] [/metrics] [PublicMetricsRESTProxyServlet]: Destroy successful.
[11/17/19, 19:44:22:648 EST] 0000022d ibm.ws.security.authentication.internal.jaas.JAASServiceImpl I CWWKS1124I: The collective authentication plugin with class name NullCollectiveAuthenticationPlugin has been deactivated. 
[11/17/19, 19:44:22:739 EST] 0000022d com.ibm.ws.security.ready.internal.SecurityReadyServiceImpl  I CWWKS0009I: The security service has stopped.
[11/17/19, 19:44:22:858 EST] 00000001 com.ibm.ws.kernel.launch.internal.FrameworkManager           A CWWKE0036I: The server frontendServer stopped after 5 minutes, 4.613 seconds.
